<?xml version="1.0" encoding="UTF-8"?>
<testng-results skipped="0" failed="0" ignored="0" total="1" passed="1">
  <reporter-output>
  </reporter-output>
  <suite name="Default suite" duration-ms="69295" started-at="2022-06-09T05:07:47Z" finished-at="2022-06-09T05:08:56Z">
    <groups>
    </groups>
    <test name="Default test" duration-ms="69295" started-at="2022-06-09T05:07:47Z" finished-at="2022-06-09T05:08:56Z">
      <class name="DesktopWindows.AutoITDemo2">
        <test-method status="PASS" signature="AutoItDemo()[pri:0, instance:DesktopWindows.AutoITDemo2@1e88b3c]" name="AutoItDemo" duration-ms="69253" started-at="2022-06-09T10:37:47Z" finished-at="2022-06-09T10:38:56Z">
          <reporter-output>
          </reporter-output>
        </test-method> <!-- AutoItDemo -->
      </class> <!-- DesktopWindows.AutoITDemo2 -->
    </test> <!-- Default test -->
  </suite> <!-- Default suite -->
</testng-results>
