<?xml version="1.0" encoding="UTF-8"?>
<!-- Generated by org.testng.reporters.JUnitXMLReporter -->
<testsuite hostname="malli-PC" ignored="0" name="Test1" tests="3" failures="0" timestamp="16 May 2022 10:01:44 GMT" time="0.071" errors="0">
  <testcase name="funA" time="0.01" classname="TestNGDemo.AnnotationsDemo1"/>
  <testcase name="funB" time="0.0" classname="TestNGDemo.AnnotationsDemo1"/>
  <testcase name="funA" time="0.01" classname="TestNGDemo.AnnotationsDemo2"/>
</testsuite> <!-- Test1 -->
