<?xml version="1.0" encoding="UTF-8"?>
<!-- Generated by org.testng.reporters.JUnitXMLReporter -->
<testsuite hostname="malli-PC" ignored="1" name="Regression suite 1" tests="13" failures="2" timestamp="06 May 2022 03:53:52 GMT" time="0.113" errors="0">
  <testcase name="funA" time="0.014" classname="TestNGDemo.TestNGDemo1"/>
  <testcase name="funA" time="0.002" classname="TestNGDemo.TestNGDemo2"/>
  <testcase name="funB" time="0.003" classname="TestNGDemo.TestNGDemo2">
    <failure type="java.lang.ArithmeticException" message="/ by zero">
      <![CDATA[java.lang.ArithmeticException: / by zero
	at TestNGDemo.TestNGDemo2.funB(TestNGDemo2.java:24)
... Removed 25 stack frames]]>
    </failure>
  </testcase> <!-- funB -->
  <testcase name="funC" time="0.003" classname="TestNGDemo.TestNGDemo2">
    <skipped/>
  </testcase> <!-- funC -->
  <testcase name="loginTest" time="0.002" classname="TestNGDemo.TestNGDemo3">
    <failure type="java.lang.ArithmeticException" message="/ by zero">
      <![CDATA[java.lang.ArithmeticException: / by zero
	at TestNGDemo.TestNGDemo3.loginTest(TestNGDemo3.java:17)
... Removed 25 stack frames]]>
    </failure>
  </testcase> <!-- loginTest -->
  <testcase name="funA" time="0.002" classname="TestNGDemo.TestNGGroupsDemo1"/>
  <testcase name="funB" time="0.002" classname="TestNGDemo.TestNGGroupsDemo1"/>
  <testcase name="funC" time="0.003" classname="TestNGDemo.TestNGGroupsDemo1"/>
  <testcase name="funD" time="0.002" classname="TestNGDemo.TestNGGroupsDemo1"/>
  <testcase name="funA" time="0.003" classname="TestNGDemo.TestNGXMLDemo1"/>
  <testcase name="funB" time="0.002" classname="TestNGDemo.TestNGDemo1"/>
  <testcase name="customerDetails" time="0.0" classname="TestNGDemo.TestNGDemo3">
    <skipped/>
  </testcase> <!-- customerDetails -->
  <testcase name="funC" time="0.002" classname="TestNGDemo.TestNGDemo1"/>
  <testcase name="funD" time="0.0" classname="TestNGDemo.TestNGDemo2">
    <ignored/>
  </testcase> <!-- funD -->
</testsuite> <!-- Regression suite 1 -->
